#
# A fatal error has been detected by the Java Runtime Environment:
#
#  EXCEPTION_ACCESS_VIOLATION (0xc0000005) at pc=0x0000000180003990, pid=17252, tid=11752
#
# JRE version: Java(TM) SE Runtime Environment (17.0.7+8) (build 17.0.7+8-LTS-224)
# Java VM: Java HotSpot(TM) 64-Bit Server VM (17.0.7+8-LTS-224, mixed mode, sharing, tiered, compressed oops, compressed class ptrs, g1 gc, windows-amd64)
# Problematic frame:
# C  [rxtxSerial.dll+0x3990]
#
# No core dump will be written. Minidumps are not enabled by default on client versions of Windows
#
# If you would like to submit a bug report, please visit:
#   https://bugreport.java.com/bugreport/crash.jsp
# The crash happened outside the Java Virtual Machine in native code.
# See problematic frame for where to report the bug.
#

---------------  S U M M A R Y ------------

Command Objects.Line: -Djava.library.path=C:\Users\User\Downloads\ardulink\lib -javaagent:C:\Program Files\JetBrains\IntelliJ IDEA 2022.2.3\lib\idea_rt.jar=53852:C:\Program Files\JetBrains\IntelliJ IDEA 2022.2.3\bin -Dfile.encoding=UTF-8 SerialTest

Host: AMD Ryzen 5 4600H with Radeon Graphics         , 12 cores, 7G,  Windows 10 , 64 bit Build 19041 (10.0.19041.3155)
Time: Sun Sep 10 10:15:32 2023 W. Europe Daylight Time elapsed time: 10.670182 seconds (0d 0h 0m 10s)

---------------  T H R E A D  ---------------

Current thread (0x000001ab7c399af0):  JavaThread "Thread-0" [_thread_in_native, id=11752, stack(0x0000005ec3500000,0x0000005ec3600000)]

Stack: [0x0000005ec3500000,0x0000005ec3600000],  sp=0x0000005ec35fdff0,  free space=1015k
Native frames: (J=compiled Java code, j=interpreted, Vv=VM code, C=native code)
C  [rxtxSerial.dll+0x3990]

Java frames: (J=compiled Java code, j=interpreted, Vv=VM code)
j  gnu.io.RXTXPort.readArray([BII)I+0
j  gnu.io.RXTXPort$SerialInputStream.read([BII)I+212
j  sun.nio.cs.StreamDecoder.readBytes()I+117 java.base@17.0.7
j  sun.nio.cs.StreamDecoder.implRead([CII)I+112 java.base@17.0.7
j  sun.nio.cs.StreamDecoder.read([CII)I+180 java.base@17.0.7
j  java.io.InputStreamReader.read([CII)I+7 java.base@17.0.7
j  java.io.BufferedReader.fill()V+145 java.base@17.0.7
j  java.io.BufferedReader.readLine(Z[Z)Ljava/lang/String;+52 java.base@17.0.7
j  java.io.BufferedReader.readLine()Ljava/lang/String;+3 java.base@17.0.7
j  SerialTest.serialEvent(Lgnu/io/SerialPortEvent;)V+12
j  gnu.io.RXTXPort.sendEvent(IZ)Z+382
v  ~StubRoutines::call_stub
j  gnu.io.RXTXPort.eventLoop()V+0
j  gnu.io.RXTXPort$MonitorThread.run()V+12
v  ~StubRoutines::call_stub

siginfo: EXCEPTION_ACCESS_VIOLATION (0xc0000005), reading address 0xffffffffc35fed48


Register to memory mapping:

RIP=0x0000000180003990 rxtxSerial.dll
RAX=0x00000000c35fed40 is an unallocated location in the heap
RBX=0x0 is NULL
RCX=0x000000018001d4d5 rxtxSerial.dll
RDX=0xfffffffffffff665 is an unknown value
RSP=0x0000005ec35fdff0 is pointing into the stack for thread: 0x000001ab7c399af0
RBP=0x00000000ffffffff is an unallocated location in the heap
RSI=0x0000000000000005 is an unknown value
RDI=0x0 is NULL
R8 =0x0000000000000002 is an unknown value
R9 =0xfffffffffffff63c is an unknown value
R10=0x00007ff8100600a0 jvm.dll
R11=0x8101010101010100 is an unknown value
R12=0xffffffffc35fed40 is an unknown value
R13=0x0000000000000001 is an unknown value
R14=0x0000000000000005 is an unknown value
R15=0x0 is NULL


Registers:
RAX=0x00000000c35fed40, RBX=0x0000000000000000, RCX=0x000000018001d4d5, RDX=0xfffffffffffff665
RSP=0x0000005ec35fdff0, RBP=0x00000000ffffffff, RSI=0x0000000000000005, RDI=0x0000000000000000
R8 =0x0000000000000002, R9 =0xfffffffffffff63c, R10=0x00007ff8100600a0, R11=0x8101010101010100
R12=0xffffffffc35fed40, R13=0x0000000000000001, R14=0x0000000000000005, R15=0x0000000000000000
RIP=0x0000000180003990, EFLAGS=0x0000000000010202

Top of Stack: (sp=0x0000005ec35fdff0)
0x0000005ec35fdff0:   0000000000000000 0000005ec35fe1c8
0x0000005ec35fe000:   0000000000000005 0000000000000000
0x0000005ec35fe010:   000001ab7c399af0 00000000ffffffff
0x0000005ec35fe020:   0000000000000001 0000000000000000
0x0000005ec35fe030:   000001ab7c399d98 0000000000000005
0x0000005ec35fe040:   0000005ec35fe1c8 000000018000535a
0x0000005ec35fe050:   000001ab7c3bd620 0000000000000000
0x0000005ec35fe060:   0000000000000001 000001ab7c3bd620
0x0000005ec35fe070:   0000000000000005 00000000ffffffff
0x0000005ec35fe080:   0000005ec35fe1d0 000001ab7bc0cab0
0x0000005ec35fe090:   0000005ec35fe198 00007ff80f8c0122
0x0000005ec35fe0a0:   3ff0000000000000 00000000000155b4
0x0000005ec35fe0b0:   000001ab7c399af0 000001ab7c399d98
0x0000005ec35fe0c0:   000001ab7bc0cab8 0000e345b23f75ff
0x0000005ec35fe0d0:   0000005ec35fe1d0 000001ab7bc0cab0
0x0000005ec35fe0e0:   0000000000000000 0000000000001009 

Instructions: (pc=0x0000000180003990)
0x0000000180003890:   48 8d 15 0d 9c 01 00 48 2b d3 66 0f 1f 44 00 00
0x00000001800038a0:   0f b6 0b 0f b6 04 13 2b c8 75 07 48 ff c3 85 c0
0x00000001800038b0:   75 ee 48 8b 07 85 c9 48 8b d6 48 8b cf 75 0b ff
0x00000001800038c0:   90 28 03 00 00 48 8b d8 eb 08 ff 90 20 03 00 00
0x00000001800038d0:   8b d8 48 8b 07 48 8b d5 48 8b cf ff 90 b8 00 00
0x00000001800038e0:   00 48 8d 0d ec 9b 01 00 41 b8 02 00 00 00 49 8b
0x00000001800038f0:   d4 e8 2a 6f 00 00 85 c0 75 19 85 db 75 15 e8 71
0x0000000180003900:   6b 00 00 48 8d 15 ce 9b 01 00 48 8d 48 60 e8 e9
0x0000000180003910:   69 00 00 8b c3 48 8b 5c 24 30 48 8b 6c 24 38 48
0x0000000180003920:   8b 74 24 40 48 8b 7c 24 48 48 83 c4 20 41 5c c3
0x0000000180003930:   cc cc cc cc cc cc cc cc cc cc cc cc cc cc cc cc
0x0000000180003940:   48 89 5c 24 08 4c 89 4c 24 20 44 89 44 24 18 55
0x0000000180003950:   56 57 41 54 41 55 41 56 41 57 48 83 ec 20 48 8b
0x0000000180003960:   12 33 db 4c 8d 0d 82 91 01 00 4c 8d 05 9f 91 01
0x0000000180003970:   00 44 8b fb 8b fb e8 95 fe ff ff 8b ac 24 88 00
0x0000000180003980:   00 00 44 8b b4 24 80 00 00 00 4c 63 e0 41 8b f6
0x0000000180003990:   45 8b 6c 24 08 41 89 5c 24 08 85 ed 78 09 ff 15
0x00000001800039a0:   5c 36 01 00 44 8b f8 45 85 f6 7e 4d 0f 1f 40 00
0x00000001800039b0:   8b c7 ff c7 83 f8 14 7d 40 85 ed 78 0d ff 15 3d
0x00000001800039c0:   36 01 00 41 2b c7 3b c5 7d 2f 8b 4c 24 70 48 63
0x00000001800039d0:   d3 44 8b c6 48 03 54 24 78 e8 22 3d 00 00 85 c0
0x00000001800039e0:   78 33 74 06 03 d8 2b f0 eb 0a b9 e8 03 00 00 e8
0x00000001800039f0:   1c 27 00 00 41 3b de 7c b7 8b c3 45 89 6c 24 08
0x0000000180003a00:   48 8b 5c 24 60 48 83 c4 20 41 5f 41 5e 41 5d 41
0x0000000180003a10:   5c 5f 5e 5d c3 e8 62 6d 00 00 83 38 04 74 05 e8
0x0000000180003a20:   58 6d 00 00 83 c8 ff eb d2 cc cc cc cc cc cc cc
0x0000000180003a30:   40 53 48 83 ec 50 83 79 0c 00 48 8b d9 75 08 33
0x0000000180003a40:   c0 48 83 c4 50 5b c3 8b 09 48 8d 54 24 20 e8 91
0x0000000180003a50:   5c 00 00 85 c0 74 0b b8 01 00 00 00 48 83 c4 50
0x0000000180003a60:   5b c3 8b 0b 4c 8d 43 38 ba 59 54 00 00 48 89 7c
0x0000000180003a70:   24 60 e8 49 4e 00 00 85 c0 74 10 b8 01 00 00 00
0x0000000180003a80:   48 8b 7c 24 60 48 83 c4 50 5b c3 83 7b 38 00 74 


Stack slot to memory mapping:
stack at sp + 0 slots: 0x0 is NULL
stack at sp + 1 slots: 0x0000005ec35fe1c8 is pointing into the stack for thread: 0x000001ab7c399af0
stack at sp + 2 slots: 0x0000000000000005 is an unknown value
stack at sp + 3 slots: 0x0 is NULL
stack at sp + 4 slots: 0x000001ab7c399af0 is a thread
stack at sp + 5 slots: 0x00000000ffffffff is an unallocated location in the heap
stack at sp + 6 slots: 0x0000000000000001 is an unknown value
stack at sp + 7 slots: 0x0 is NULL


---------------  P R O C E S S  ---------------

Threads class SMR info:
_java_thread_list=0x000001ab7c4bb380, length=15, elements={
0x000001ab7b5c7870, 0x000001ab7b5c84e0, 0x000001ab7b5df180, 0x000001ab7b5dfb30,
0x000001ab7b5e04e0, 0x000001ab7b5e0e90, 0x000001ab7b5e9c30, 0x000001ab7b5eeb30,
0x000001ab7b5f2540, 0x000001ab7b5b0ad0, 0x000001ab7c328990, 0x000001ab7c3f6800,
0x000001ab7c399af0, 0x000001ab7c3c17c0, 0x000001ab5b5ea0d0
}

Java Threads: ( => current thread )
  0x000001ab7b5c7870 JavaThread "Reference Handler" daemon [_thread_blocked, id=22076, stack(0x0000005ec2b00000,0x0000005ec2c00000)]
  0x000001ab7b5c84e0 JavaThread "Finalizer" daemon [_thread_blocked, id=22584, stack(0x0000005ec2c00000,0x0000005ec2d00000)]
  0x000001ab7b5df180 JavaThread "Signal Dispatcher" daemon [_thread_blocked, id=2892, stack(0x0000005ec2d00000,0x0000005ec2e00000)]
  0x000001ab7b5dfb30 JavaThread "Attach Listener" daemon [_thread_blocked, id=4952, stack(0x0000005ec2e00000,0x0000005ec2f00000)]
  0x000001ab7b5e04e0 JavaThread "Service Thread" daemon [_thread_blocked, id=12424, stack(0x0000005ec2f00000,0x0000005ec3000000)]
  0x000001ab7b5e0e90 JavaThread "Monitor Deflation Thread" daemon [_thread_blocked, id=4856, stack(0x0000005ec3000000,0x0000005ec3100000)]
  0x000001ab7b5e9c30 JavaThread "C2 CompilerThread0" daemon [_thread_blocked, id=6304, stack(0x0000005ec3100000,0x0000005ec3200000)]
  0x000001ab7b5eeb30 JavaThread "C1 CompilerThread0" daemon [_thread_blocked, id=9836, stack(0x0000005ec3200000,0x0000005ec3300000)]
  0x000001ab7b5f2540 JavaThread "Sweeper thread" daemon [_thread_blocked, id=664, stack(0x0000005ec3300000,0x0000005ec3400000)]
  0x000001ab7b5b0ad0 JavaThread "Common-Cleaner" daemon [_thread_blocked, id=18832, stack(0x0000005ec3400000,0x0000005ec3500000)]
  0x000001ab7c328990 JavaThread "Monitor Ctrl-Break" daemon [_thread_in_native, id=17168, stack(0x0000005ec3600000,0x0000005ec3700000)]
  0x000001ab7c3f6800 JavaThread "Notification Thread" daemon [_thread_blocked, id=13620, stack(0x0000005ec3700000,0x0000005ec3800000)]
=>0x000001ab7c399af0 JavaThread "Thread-0" [_thread_in_native, id=11752, stack(0x0000005ec3500000,0x0000005ec3600000)]
  0x000001ab7c3c17c0 JavaThread "Thread-1" [_thread_blocked, id=12292, stack(0x0000005ec3900000,0x0000005ec3a00000)]
  0x000001ab5b5ea0d0 JavaThread "DestroyJavaVM" [_thread_blocked, id=12832, stack(0x0000005ec2400000,0x0000005ec2500000)]

Other Threads:
  0x000001ab7b5c14b0 VMThread "VM Thread" [stack: 0x0000005ec2a00000,0x0000005ec2b00000] [id=3740]
  0x000001ab5b6a3910 WatcherThread [stack: 0x0000005ec3800000,0x0000005ec3900000] [id=22544]
  0x000001ab5b641080 GCTaskThread "GC Thread#0" [stack: 0x0000005ec2500000,0x0000005ec2600000] [id=13544]
  0x000001ab5b650bc0 ConcurrentGCThread "G1 Main Marker" [stack: 0x0000005ec2600000,0x0000005ec2700000] [id=4552]
  0x000001ab5b6516a0 ConcurrentGCThread "G1 Conc#0" [stack: 0x0000005ec2700000,0x0000005ec2800000] [id=23368]
  0x000001ab5b6be4b0 ConcurrentGCThread "G1 Refine#0" [stack: 0x0000005ec2800000,0x0000005ec2900000] [id=17008]
  0x000001ab7b47f130 ConcurrentGCThread "G1 Service" [stack: 0x0000005ec2900000,0x0000005ec2a00000] [id=4344]

Threads with active compile tasks:

VM state: not at safepoint (normal execution)

VM Mutex/Monitor currently owned by a thread: None

Heap address: 0x000000008a000000, size: 1888 MB, Compressed Oops mode: 32-bit

CDS archive(s) mapped at: [0x0000000800000000-0x0000000800bd0000-0x0000000800bd0000), size 12386304, SharedBaseAddress: 0x0000000800000000, ArchiveRelocationMode: 0.
Compressed class space mapped at: 0x0000000800c00000-0x0000000840c00000, reserved size: 1073741824
Narrow klass base: 0x0000000800000000, Narrow klass shift: 0, Narrow klass range: 0x100000000

GC Precious Log:
 CPUs: 12 total, 12 available
 Memory: 7549M
 Large Page Support: Disabled
 NUMA Support: Disabled
 Compressed Oops: Enabled (32-bit)
 Heap Region Size: 1M
 Heap Min Capacity: 8M
 Heap Initial Capacity: 118M
 Heap Max Capacity: 1888M
 Pre-touch: Disabled
 Parallel Workers: 10
 Concurrent Workers: 3
 Concurrent Refinement Workers: 10
 Periodic GC: Disabled

Heap:
 garbage-first heap   total 120832K, used 4096K [0x000000008a000000, 0x0000000100000000)
  region size 1024K, 6 young (6144K), 0 survivors (0K)
 Metaspace       used 1175K, committed 1344K, reserved 1056768K
  class space    used 92K, committed 192K, reserved 1048576K

Heap Regions: E=young(eden), S=young(survivor), O=old, HS=humongous(starts), HC=humongous(continues), CS=collection set, F=free, OA=open archive, CA=closed archive, TAMS=top-at-mark-start (previous, next)
|   0|0x000000008a000000, 0x000000008a000000, 0x000000008a100000|  0%| F|  |TAMS 0x000000008a000000, 0x000000008a000000| Untracked 
|   1|0x000000008a100000, 0x000000008a100000, 0x000000008a200000|  0%| F|  |TAMS 0x000000008a100000, 0x000000008a100000| Untracked 
|   2|0x000000008a200000, 0x000000008a200000, 0x000000008a300000|  0%| F|  |TAMS 0x000000008a200000, 0x000000008a200000| Untracked 
|   3|0x000000008a300000, 0x000000008a300000, 0x000000008a400000|  0%| F|  |TAMS 0x000000008a300000, 0x000000008a300000| Untracked 
|   4|0x000000008a400000, 0x000000008a400000, 0x000000008a500000|  0%| F|  |TAMS 0x000000008a400000, 0x000000008a400000| Untracked 
|   5|0x000000008a500000, 0x000000008a500000, 0x000000008a600000|  0%| F|  |TAMS 0x000000008a500000, 0x000000008a500000| Untracked 
|   6|0x000000008a600000, 0x000000008a600000, 0x000000008a700000|  0%| F|  |TAMS 0x000000008a600000, 0x000000008a600000| Untracked 
|   7|0x000000008a700000, 0x000000008a700000, 0x000000008a800000|  0%| F|  |TAMS 0x000000008a700000, 0x000000008a700000| Untracked 
|   8|0x000000008a800000, 0x000000008a800000, 0x000000008a900000|  0%| F|  |TAMS 0x000000008a800000, 0x000000008a800000| Untracked 
|   9|0x000000008a900000, 0x000000008a900000, 0x000000008aa00000|  0%| F|  |TAMS 0x000000008a900000, 0x000000008a900000| Untracked 
|  10|0x000000008aa00000, 0x000000008aa00000, 0x000000008ab00000|  0%| F|  |TAMS 0x000000008aa00000, 0x000000008aa00000| Untracked 
|  11|0x000000008ab00000, 0x000000008ab00000, 0x000000008ac00000|  0%| F|  |TAMS 0x000000008ab00000, 0x000000008ab00000| Untracked 
|  12|0x000000008ac00000, 0x000000008ac00000, 0x000000008ad00000|  0%| F|  |TAMS 0x000000008ac00000, 0x000000008ac00000| Untracked 
|  13|0x000000008ad00000, 0x000000008ad00000, 0x000000008ae00000|  0%| F|  |TAMS 0x000000008ad00000, 0x000000008ad00000| Untracked 
|  14|0x000000008ae00000, 0x000000008ae00000, 0x000000008af00000|  0%| F|  |TAMS 0x000000008ae00000, 0x000000008ae00000| Untracked 
|  15|0x000000008af00000, 0x000000008af00000, 0x000000008b000000|  0%| F|  |TAMS 0x000000008af00000, 0x000000008af00000| Untracked 
|  16|0x000000008b000000, 0x000000008b000000, 0x000000008b100000|  0%| F|  |TAMS 0x000000008b000000, 0x000000008b000000| Untracked 
|  17|0x000000008b100000, 0x000000008b100000, 0x000000008b200000|  0%| F|  |TAMS 0x000000008b100000, 0x000000008b100000| Untracked 
|  18|0x000000008b200000, 0x000000008b200000, 0x000000008b300000|  0%| F|  |TAMS 0x000000008b200000, 0x000000008b200000| Untracked 
|  19|0x000000008b300000, 0x000000008b300000, 0x000000008b400000|  0%| F|  |TAMS 0x000000008b300000, 0x000000008b300000| Untracked 
|  20|0x000000008b400000, 0x000000008b400000, 0x000000008b500000|  0%| F|  |TAMS 0x000000008b400000, 0x000000008b400000| Untracked 
|  21|0x000000008b500000, 0x000000008b500000, 0x000000008b600000|  0%| F|  |TAMS 0x000000008b500000, 0x000000008b500000| Untracked 
|  22|0x000000008b600000, 0x000000008b600000, 0x000000008b700000|  0%| F|  |TAMS 0x000000008b600000, 0x000000008b600000| Untracked 
|  23|0x000000008b700000, 0x000000008b700000, 0x000000008b800000|  0%| F|  |TAMS 0x000000008b700000, 0x000000008b700000| Untracked 
|  24|0x000000008b800000, 0x000000008b800000, 0x000000008b900000|  0%| F|  |TAMS 0x000000008b800000, 0x000000008b800000| Untracked 
|  25|0x000000008b900000, 0x000000008b900000, 0x000000008ba00000|  0%| F|  |TAMS 0x000000008b900000, 0x000000008b900000| Untracked 
|  26|0x000000008ba00000, 0x000000008ba00000, 0x000000008bb00000|  0%| F|  |TAMS 0x000000008ba00000, 0x000000008ba00000| Untracked 
|  27|0x000000008bb00000, 0x000000008bb00000, 0x000000008bc00000|  0%| F|  |TAMS 0x000000008bb00000, 0x000000008bb00000| Untracked 
|  28|0x000000008bc00000, 0x000000008bc00000, 0x000000008bd00000|  0%| F|  |TAMS 0x000000008bc00000, 0x000000008bc00000| Untracked 
|  29|0x000000008bd00000, 0x000000008bd00000, 0x000000008be00000|  0%| F|  |TAMS 0x000000008bd00000, 0x000000008bd00000| Untracked 
|  30|0x000000008be00000, 0x000000008be00000, 0x000000008bf00000|  0%| F|  |TAMS 0x000000008be00000, 0x000000008be00000| Untracked 
|  31|0x000000008bf00000, 0x000000008bf00000, 0x000000008c000000|  0%| F|  |TAMS 0x000000008bf00000, 0x000000008bf00000| Untracked 
|  32|0x000000008c000000, 0x000000008c000000, 0x000000008c100000|  0%| F|  |TAMS 0x000000008c000000, 0x000000008c000000| Untracked 
|  33|0x000000008c100000, 0x000000008c100000, 0x000000008c200000|  0%| F|  |TAMS 0x000000008c100000, 0x000000008c100000| Untracked 
|  34|0x000000008c200000, 0x000000008c200000, 0x000000008c300000|  0%| F|  |TAMS 0x000000008c200000, 0x000000008c200000| Untracked 
|  35|0x000000008c300000, 0x000000008c300000, 0x000000008c400000|  0%| F|  |TAMS 0x000000008c300000, 0x000000008c300000| Untracked 
|  36|0x000000008c400000, 0x000000008c400000, 0x000000008c500000|  0%| F|  |TAMS 0x000000008c400000, 0x000000008c400000| Untracked 
|  37|0x000000008c500000, 0x000000008c500000, 0x000000008c600000|  0%| F|  |TAMS 0x000000008c500000, 0x000000008c500000| Untracked 
|  38|0x000000008c600000, 0x000000008c600000, 0x000000008c700000|  0%| F|  |TAMS 0x000000008c600000, 0x000000008c600000| Untracked 
|  39|0x000000008c700000, 0x000000008c700000, 0x000000008c800000|  0%| F|  |TAMS 0x000000008c700000, 0x000000008c700000| Untracked 
|  40|0x000000008c800000, 0x000000008c800000, 0x000000008c900000|  0%| F|  |TAMS 0x000000008c800000, 0x000000008c800000| Untracked 
|  41|0x000000008c900000, 0x000000008c900000, 0x000000008ca00000|  0%| F|  |TAMS 0x000000008c900000, 0x000000008c900000| Untracked 
|  42|0x000000008ca00000, 0x000000008ca00000, 0x000000008cb00000|  0%| F|  |TAMS 0x000000008ca00000, 0x000000008ca00000| Untracked 
|  43|0x000000008cb00000, 0x000000008cb00000, 0x000000008cc00000|  0%| F|  |TAMS 0x000000008cb00000, 0x000000008cb00000| Untracked 
|  44|0x000000008cc00000, 0x000000008cc00000, 0x000000008cd00000|  0%| F|  |TAMS 0x000000008cc00000, 0x000000008cc00000| Untracked 
|  45|0x000000008cd00000, 0x000000008cd00000, 0x000000008ce00000|  0%| F|  |TAMS 0x000000008cd00000, 0x000000008cd00000| Untracked 
|  46|0x000000008ce00000, 0x000000008ce00000, 0x000000008cf00000|  0%| F|  |TAMS 0x000000008ce00000, 0x000000008ce00000| Untracked 
|  47|0x000000008cf00000, 0x000000008cf00000, 0x000000008d000000|  0%| F|  |TAMS 0x000000008cf00000, 0x000000008cf00000| Untracked 
|  48|0x000000008d000000, 0x000000008d000000, 0x000000008d100000|  0%| F|  |TAMS 0x000000008d000000, 0x000000008d000000| Untracked 
|  49|0x000000008d100000, 0x000000008d100000, 0x000000008d200000|  0%| F|  |TAMS 0x000000008d100000, 0x000000008d100000| Untracked 
|  50|0x000000008d200000, 0x000000008d200000, 0x000000008d300000|  0%| F|  |TAMS 0x000000008d200000, 0x000000008d200000| Untracked 
|  51|0x000000008d300000, 0x000000008d300000, 0x000000008d400000|  0%| F|  |TAMS 0x000000008d300000, 0x000000008d300000| Untracked 
|  52|0x000000008d400000, 0x000000008d400000, 0x000000008d500000|  0%| F|  |TAMS 0x000000008d400000, 0x000000008d400000| Untracked 
|  53|0x000000008d500000, 0x000000008d500000, 0x000000008d600000|  0%| F|  |TAMS 0x000000008d500000, 0x000000008d500000| Untracked 
|  54|0x000000008d600000, 0x000000008d600000, 0x000000008d700000|  0%| F|  |TAMS 0x000000008d600000, 0x000000008d600000| Untracked 
|  55|0x000000008d700000, 0x000000008d700000, 0x000000008d800000|  0%| F|  |TAMS 0x000000008d700000, 0x000000008d700000| Untracked 
|  56|0x000000008d800000, 0x000000008d800000, 0x000000008d900000|  0%| F|  |TAMS 0x000000008d800000, 0x000000008d800000| Untracked 
|  57|0x000000008d900000, 0x000000008d900000, 0x000000008da00000|  0%| F|  |TAMS 0x000000008d900000, 0x000000008d900000| Untracked 
|  58|0x000000008da00000, 0x000000008da00000, 0x000000008db00000|  0%| F|  |TAMS 0x000000008da00000, 0x000000008da00000| Untracked 
|  59|0x000000008db00000, 0x000000008db00000, 0x000000008dc00000|  0%| F|  |TAMS 0x000000008db00000, 0x000000008db00000| Untracked 
|  60|0x000000008dc00000, 0x000000008dc00000, 0x000000008dd00000|  0%| F|  |TAMS 0x000000008dc00000, 0x000000008dc00000| Untracked 
|  61|0x000000008dd00000, 0x000000008dd00000, 0x000000008de00000|  0%| F|  |TAMS 0x000000008dd00000, 0x000000008dd00000| Untracked 
|  62|0x000000008de00000, 0x000000008de00000, 0x000000008df00000|  0%| F|  |TAMS 0x000000008de00000, 0x000000008de00000| Untracked 
|  63|0x000000008df00000, 0x000000008df00000, 0x000000008e000000|  0%| F|  |TAMS 0x000000008df00000, 0x000000008df00000| Untracked 
|  64|0x000000008e000000, 0x000000008e000000, 0x000000008e100000|  0%| F|  |TAMS 0x000000008e000000, 0x000000008e000000| Untracked 
|  65|0x000000008e100000, 0x000000008e100000, 0x000000008e200000|  0%| F|  |TAMS 0x000000008e100000, 0x000000008e100000| Untracked 
|  66|0x000000008e200000, 0x000000008e200000, 0x000000008e300000|  0%| F|  |TAMS 0x000000008e200000, 0x000000008e200000| Untracked 
|  67|0x000000008e300000, 0x000000008e300000, 0x000000008e400000|  0%| F|  |TAMS 0x000000008e300000, 0x000000008e300000| Untracked 
|  68|0x000000008e400000, 0x000000008e400000, 0x000000008e500000|  0%| F|  |TAMS 0x000000008e400000, 0x000000008e400000| Untracked 
|  69|0x000000008e500000, 0x000000008e500000, 0x000000008e600000|  0%| F|  |TAMS 0x000000008e500000, 0x000000008e500000| Untracked 
|  70|0x000000008e600000, 0x000000008e600000, 0x000000008e700000|  0%| F|  |TAMS 0x000000008e600000, 0x000000008e600000| Untracked 
|  71|0x000000008e700000, 0x000000008e700000, 0x000000008e800000|  0%| F|  |TAMS 0x000000008e700000, 0x000000008e700000| Untracked 
|  72|0x000000008e800000, 0x000000008e800000, 0x000000008e900000|  0%| F|  |TAMS 0x000000008e800000, 0x000000008e800000| Untracked 
|  73|0x000000008e900000, 0x000000008e900000, 0x000000008ea00000|  0%| F|  |TAMS 0x000000008e900000, 0x000000008e900000| Untracked 
|  74|0x000000008ea00000, 0x000000008ea00000, 0x000000008eb00000|  0%| F|  |TAMS 0x000000008ea00000, 0x000000008ea00000| Untracked 
|  75|0x000000008eb00000, 0x000000008eb00000, 0x000000008ec00000|  0%| F|  |TAMS 0x000000008eb00000, 0x000000008eb00000| Untracked 
|  76|0x000000008ec00000, 0x000000008ec00000, 0x000000008ed00000|  0%| F|  |TAMS 0x000000008ec00000, 0x000000008ec00000| Untracked 
|  77|0x000000008ed00000, 0x000000008ed00000, 0x000000008ee00000|  0%| F|  |TAMS 0x000000008ed00000, 0x000000008ed00000| Untracked 
|  78|0x000000008ee00000, 0x000000008ee00000, 0x000000008ef00000|  0%| F|  |TAMS 0x000000008ee00000, 0x000000008ee00000| Untracked 
|  79|0x000000008ef00000, 0x000000008ef00000, 0x000000008f000000|  0%| F|  |TAMS 0x000000008ef00000, 0x000000008ef00000| Untracked 
|  80|0x000000008f000000, 0x000000008f000000, 0x000000008f100000|  0%| F|  |TAMS 0x000000008f000000, 0x000000008f000000| Untracked 
|  81|0x000000008f100000, 0x000000008f100000, 0x000000008f200000|  0%| F|  |TAMS 0x000000008f100000, 0x000000008f100000| Untracked 
|  82|0x000000008f200000, 0x000000008f200000, 0x000000008f300000|  0%| F|  |TAMS 0x000000008f200000, 0x000000008f200000| Untracked 
|  83|0x000000008f300000, 0x000000008f300000, 0x000000008f400000|  0%| F|  |TAMS 0x000000008f300000, 0x000000008f300000| Untracked 
|  84|0x000000008f400000, 0x000000008f400000, 0x000000008f500000|  0%| F|  |TAMS 0x000000008f400000, 0x000000008f400000| Untracked 
|  85|0x000000008f500000, 0x000000008f500000, 0x000000008f600000|  0%| F|  |TAMS 0x000000008f500000, 0x000000008f500000| Untracked 
|  86|0x000000008f600000, 0x000000008f600000, 0x000000008f700000|  0%| F|  |TAMS 0x000000008f600000, 0x000000008f600000| Untracked 
|  87|0x000000008f700000, 0x000000008f700000, 0x000000008f800000|  0%| F|  |TAMS 0x000000008f700000, 0x000000008f700000| Untracked 
|  88|0x000000008f800000, 0x000000008f800000, 0x000000008f900000|  0%| F|  |TAMS 0x000000008f800000, 0x000000008f800000| Untracked 
|  89|0x000000008f900000, 0x000000008f900000, 0x000000008fa00000|  0%| F|  |TAMS 0x000000008f900000, 0x000000008f900000| Untracked 
|  90|0x000000008fa00000, 0x000000008fa00000, 0x000000008fb00000|  0%| F|  |TAMS 0x000000008fa00000, 0x000000008fa00000| Untracked 
|  91|0x000000008fb00000, 0x000000008fb00000, 0x000000008fc00000|  0%| F|  |TAMS 0x000000008fb00000, 0x000000008fb00000| Untracked 
|  92|0x000000008fc00000, 0x000000008fc00000, 0x000000008fd00000|  0%| F|  |TAMS 0x000000008fc00000, 0x000000008fc00000| Untracked 
|  93|0x000000008fd00000, 0x000000008fd00000, 0x000000008fe00000|  0%| F|  |TAMS 0x000000008fd00000, 0x000000008fd00000| Untracked 
|  94|0x000000008fe00000, 0x000000008fe00000, 0x000000008ff00000|  0%| F|  |TAMS 0x000000008fe00000, 0x000000008fe00000| Untracked 
|  95|0x000000008ff00000, 0x000000008ff00000, 0x0000000090000000|  0%| F|  |TAMS 0x000000008ff00000, 0x000000008ff00000| Untracked 
|  96|0x0000000090000000, 0x0000000090000000, 0x0000000090100000|  0%| F|  |TAMS 0x0000000090000000, 0x0000000090000000| Untracked 
|  97|0x0000000090100000, 0x0000000090100000, 0x0000000090200000|  0%| F|  |TAMS 0x0000000090100000, 0x0000000090100000| Untracked 
|  98|0x0000000090200000, 0x0000000090200000, 0x0000000090300000|  0%| F|  |TAMS 0x0000000090200000, 0x0000000090200000| Untracked 
|  99|0x0000000090300000, 0x0000000090300000, 0x0000000090400000|  0%| F|  |TAMS 0x0000000090300000, 0x0000000090300000| Untracked 
| 100|0x0000000090400000, 0x0000000090400000, 0x0000000090500000|  0%| F|  |TAMS 0x0000000090400000, 0x0000000090400000| Untracked 
| 101|0x0000000090500000, 0x0000000090500000, 0x0000000090600000|  0%| F|  |TAMS 0x0000000090500000, 0x0000000090500000| Untracked 
| 102|0x0000000090600000, 0x0000000090600000, 0x0000000090700000|  0%| F|  |TAMS 0x0000000090600000, 0x0000000090600000| Untracked 
| 103|0x0000000090700000, 0x0000000090700000, 0x0000000090800000|  0%| F|  |TAMS 0x0000000090700000, 0x0000000090700000| Untracked 
| 104|0x0000000090800000, 0x0000000090800000, 0x0000000090900000|  0%| F|  |TAMS 0x0000000090800000, 0x0000000090800000| Untracked 
| 105|0x0000000090900000, 0x0000000090900000, 0x0000000090a00000|  0%| F|  |TAMS 0x0000000090900000, 0x0000000090900000| Untracked 
| 106|0x0000000090a00000, 0x0000000090a00000, 0x0000000090b00000|  0%| F|  |TAMS 0x0000000090a00000, 0x0000000090a00000| Untracked 
| 107|0x0000000090b00000, 0x0000000090b00000, 0x0000000090c00000|  0%| F|  |TAMS 0x0000000090b00000, 0x0000000090b00000| Untracked 
| 108|0x0000000090c00000, 0x0000000090c00000, 0x0000000090d00000|  0%| F|  |TAMS 0x0000000090c00000, 0x0000000090c00000| Untracked 
| 109|0x0000000090d00000, 0x0000000090d00000, 0x0000000090e00000|  0%| F|  |TAMS 0x0000000090d00000, 0x0000000090d00000| Untracked 
| 110|0x0000000090e00000, 0x0000000090e00000, 0x0000000090f00000|  0%| F|  |TAMS 0x0000000090e00000, 0x0000000090e00000| Untracked 
| 111|0x0000000090f00000, 0x0000000090f00000, 0x0000000091000000|  0%| F|  |TAMS 0x0000000090f00000, 0x0000000090f00000| Untracked 
| 112|0x0000000091000000, 0x0000000091100000, 0x0000000091100000|100%| E|  |TAMS 0x0000000091000000, 0x0000000091000000| Complete 
| 113|0x0000000091100000, 0x0000000091200000, 0x0000000091200000|100%| E|CS|TAMS 0x0000000091100000, 0x0000000091100000| Complete 
| 114|0x0000000091200000, 0x0000000091300000, 0x0000000091300000|100%| E|CS|TAMS 0x0000000091200000, 0x0000000091200000| Complete 
| 115|0x0000000091300000, 0x0000000091400000, 0x0000000091400000|100%| E|  |TAMS 0x0000000091300000, 0x0000000091300000| Complete 
| 116|0x0000000091400000, 0x0000000091500000, 0x0000000091500000|100%| E|CS|TAMS 0x0000000091400000, 0x0000000091400000| Complete 
| 117|0x0000000091500000, 0x0000000091600000, 0x0000000091600000|100%| E|CS|TAMS 0x0000000091500000, 0x0000000091500000| Complete 

Card table byte_map: [0x000001ab746b0000,0x000001ab74a60000] _byte_map_base: 0x000001ab74260000

Marking Bits (Prev, Next): (CMBitMap*) 0x000001ab5b641690, (CMBitMap*) 0x000001ab5b6416d0
 Prev Bits: [0x000001ab74e10000, 0x000001ab76b90000)
 Next Bits: [0x000001ab76b90000, 0x000001ab78910000)

Polling page: 0x000001ab5b3c0000

Metaspace:

Usage:
  Non-class:      1.06 MB used.
      Class:     92.37 KB used.
       Both:      1.15 MB used.

Virtual space:
  Non-class space:        8.00 MB reserved,       1.12 MB ( 14%) committed,  1 nodes.
      Class space:        1.00 GB reserved,     192.00 KB ( <1%) committed,  1 nodes.
             Both:        1.01 GB reserved,       1.31 MB ( <1%) committed. 

Chunk freelists:
   Non-Class:  3.86 MB
       Class:  3.72 MB
        Both:  7.58 MB

MaxMetaspaceSize: unlimited
CompressedClassSpaceSize: 1.00 GB
Initial GC threshold: 21.00 MB
Current GC threshold: 21.00 MB
CDS: on
MetaspaceReclaimPolicy: balanced
 - commit_granule_bytes: 65536.
 - commit_granule_words: 8192.
 - virtual_space_node_default_size: 1048576.
 - enlarge_chunks_in_place: 1.
 - new_chunks_are_fully_committed: 0.
 - uncommit_free_chunks: 1.
 - use_allocation_guard: 0.
 - handle_deallocations: 1.


Internal statistics:

num_allocs_failed_limit: 0.
num_arena_births: 12.
num_arena_deaths: 0.
num_vsnodes_births: 2.
num_vsnodes_deaths: 0.
num_space_committed: 21.
num_space_uncommitted: 0.
num_chunks_returned_to_freelist: 0.
num_chunks_taken_from_freelist: 29.
num_chunk_merges: 0.
num_chunk_splits: 12.
num_chunks_enlarged: 5.
num_purges: 0.
num_inconsistent_stats: 0.

CodeHeap 'non-profiled nmethods': size=120000Kb used=129Kb max_used=129Kb free=119871Kb
 bounds [0x000001ab6c140000, 0x000001ab6c3b0000, 0x000001ab73670000]
CodeHeap 'profiled nmethods': size=120000Kb used=497Kb max_used=497Kb free=119502Kb
 bounds [0x000001ab64670000, 0x000001ab648e0000, 0x000001ab6bba0000]
CodeHeap 'non-nmethods': size=5760Kb used=1123Kb max_used=1141Kb free=4637Kb
 bounds [0x000001ab6bba0000, 0x000001ab6be10000, 0x000001ab6c140000]
 total_blobs=788 nmethods=383 adapters=318
 compilation: enabled
              stopped_count=0, restarted_count=0
 full_count=0

Compilation events (20 events):
Event: 10.489 Thread 0x000001ab7b5e9c30  375       4       java.lang.StringLatin1::indexOf (121 bytes)
Event: 10.490 Thread 0x000001ab7b5eeb30  377       3       java.util.zip.Inflater::ensureOpen (47 bytes)
Event: 10.491 Thread 0x000001ab7b5eeb30 nmethod 377 0x000001ab646e9410 code [0x000001ab646e95c0, 0x000001ab646e9828]
Event: 10.492 Thread 0x000001ab7b5eeb30  378       3       java.util.WeakHashMap::maskNull (12 bytes)
Event: 10.492 Thread 0x000001ab7b5eeb30 nmethod 378 0x000001ab646e9910 code [0x000001ab646e9aa0, 0x000001ab646e9bd8]
Event: 10.492 Thread 0x000001ab7b5eeb30  379       3       java.util.WeakHashMap::hash (28 bytes)
Event: 10.492 Thread 0x000001ab7b5eeb30 nmethod 379 0x000001ab646e9c90 code [0x000001ab646e9e40, 0x000001ab646ea028]
Event: 10.493 Thread 0x000001ab7b5eeb30  380       3       java.util.zip.ZipCoder::hash (36 bytes)
Event: 10.494 Thread 0x000001ab7b5e9c30 nmethod 375 0x000001ab6c15f590 code [0x000001ab6c15f720, 0x000001ab6c15fb98]
Event: 10.494 Thread 0x000001ab7b5e9c30  376       4       java.util.Arrays::copyOfRange (64 bytes)
Event: 10.494 Thread 0x000001ab7b5eeb30 nmethod 380 0x000001ab646ea110 code [0x000001ab646ea320, 0x000001ab646eaa48]
Event: 10.495 Thread 0x000001ab7b5e9c30 nmethod 376 0x000001ab6c15fe10 code [0x000001ab6c15ffa0, 0x000001ab6c160298]
Event: 10.559 Thread 0x000001ab7b5eeb30  381       3       java.lang.StringConcatHelper::stringOf (20 bytes)
Event: 10.559 Thread 0x000001ab7b5eeb30 nmethod 381 0x000001ab646ead10 code [0x000001ab646eaec0, 0x000001ab646eb108]
Event: 10.559 Thread 0x000001ab7b5eeb30  382       3       java.lang.StringConcatHelper::mix (27 bytes)
Event: 10.559 Thread 0x000001ab7b5eeb30 nmethod 382 0x000001ab646eb210 code [0x000001ab646eb3e0, 0x000001ab646eb808]
Event: 10.600 Thread 0x000001ab7b5eeb30  383       3       java.lang.String::getChars (54 bytes)
Event: 10.600 Thread 0x000001ab7b5eeb30 nmethod 383 0x000001ab646eba10 code [0x000001ab646ebc00, 0x000001ab646ec078]
Event: 10.600 Thread 0x000001ab7b5eeb30  384       3       java.lang.StringLatin1::getChars (12 bytes)
Event: 10.600 Thread 0x000001ab7b5eeb30 nmethod 384 0x000001ab646ec290 code [0x000001ab646ec420, 0x000001ab646ec548]

GC Heap History (0 events):
No events

Deoptimization events (20 events):
Event: 0.109 Thread 0x000001ab5b5ea0d0 Uncommon trap: trap_request=0xffffffde fr.pc=0x000001ab6c14d1fc relative=0x000000000000079c
Event: 0.109 Thread 0x000001ab5b5ea0d0 Uncommon trap: reason=class_check action=maybe_recompile pc=0x000001ab6c14d1fc method=java.util.HashMap.putVal(ILjava/lang/Object;Ljava/lang/Object;ZZ)Ljava/lang/Object; @ 152 c2
Event: 0.109 Thread 0x000001ab5b5ea0d0 DEOPT PACKING pc=0x000001ab6c14d1fc sp=0x0000005ec24fe250
Event: 0.109 Thread 0x000001ab5b5ea0d0 DEOPT UNPACKING pc=0x000001ab6bbf23a3 sp=0x0000005ec24fe1d0 mode 2
Event: 0.109 Thread 0x000001ab5b5ea0d0 Uncommon trap: trap_request=0xffffffde fr.pc=0x000001ab6c14d1fc relative=0x000000000000079c
Event: 0.109 Thread 0x000001ab5b5ea0d0 Uncommon trap: reason=class_check action=maybe_recompile pc=0x000001ab6c14d1fc method=java.util.HashMap.putVal(ILjava/lang/Object;Ljava/lang/Object;ZZ)Ljava/lang/Object; @ 152 c2
Event: 0.109 Thread 0x000001ab5b5ea0d0 DEOPT PACKING pc=0x000001ab6c14d1fc sp=0x0000005ec24fe250
Event: 0.109 Thread 0x000001ab5b5ea0d0 DEOPT UNPACKING pc=0x000001ab6bbf23a3 sp=0x0000005ec24fe1d0 mode 2
Event: 0.131 Thread 0x000001ab5b5ea0d0 Uncommon trap: trap_request=0xffffff45 fr.pc=0x000001ab6c153d78 relative=0x0000000000000898
Event: 0.131 Thread 0x000001ab5b5ea0d0 Uncommon trap: reason=unstable_if action=reinterpret pc=0x000001ab6c153d78 method=java.util.HashMap.putVal(ILjava/lang/Object;Ljava/lang/Object;ZZ)Ljava/lang/Object; @ 181 c2
Event: 0.131 Thread 0x000001ab5b5ea0d0 DEOPT PACKING pc=0x000001ab6c153d78 sp=0x0000005ec24fe6a0
Event: 0.131 Thread 0x000001ab5b5ea0d0 DEOPT UNPACKING pc=0x000001ab6bbf23a3 sp=0x0000005ec24fe640 mode 2
Event: 0.145 Thread 0x000001ab5b5ea0d0 DEOPT PACKING pc=0x000001ab64677d67 sp=0x0000005ec24fdb60
Event: 0.145 Thread 0x000001ab5b5ea0d0 DEOPT UNPACKING pc=0x000001ab6bbf2b43 sp=0x0000005ec24fcf80 mode 0
Event: 0.146 Thread 0x000001ab5b5ea0d0 Uncommon trap: trap_request=0xffffff45 fr.pc=0x000001ab6c154eb0 relative=0x0000000000000190
Event: 0.146 Thread 0x000001ab5b5ea0d0 Uncommon trap: reason=unstable_if action=reinterpret pc=0x000001ab6c154eb0 method=java.util.zip.ZipFile$Source.isMetaName([BII)Z @ 57 c2
Event: 0.146 Thread 0x000001ab5b5ea0d0 DEOPT PACKING pc=0x000001ab6c154eb0 sp=0x0000005ec24fddf0
Event: 0.146 Thread 0x000001ab5b5ea0d0 DEOPT UNPACKING pc=0x000001ab6bbf23a3 sp=0x0000005ec24fdd98 mode 2
Event: 0.163 Thread 0x000001ab5b5ea0d0 DEOPT PACKING pc=0x000001ab64676851 sp=0x0000005ec24f9b00
Event: 0.163 Thread 0x000001ab5b5ea0d0 DEOPT UNPACKING pc=0x000001ab6bbf2b43 sp=0x0000005ec24f8f78 mode 0

Classes unloaded (0 events):
No events

Classes redefined (0 events):
No events

Internal exceptions (6 events):
Event: 0.155 Thread 0x000001ab7c328990 Exception <a 'java/lang/NoSuchMethodError'{0x000000009127fae8}: 'java.lang.Object java.lang.invoke.DirectMethodHandle$Holder.invokeStaticInit(java.lang.Object)'> (0x000000009127fae8) 
thrown [s\open\src\hotspot\share\interpreter\linkResolver.cpp, line 759]
Event: 0.161 Thread 0x000001ab7c328990 Exception <a 'java/lang/NoSuchMethodError'{0x000000009128d8b8}: 'void java.lang.invoke.DirectMethodHandle$Holder.invokeStatic(java.lang.Object, java.lang.Object)'> (0x000000009128d8b8) 
thrown [s\open\src\hotspot\share\interpreter\linkResolver.cpp, line 759]
Event: 0.171 Thread 0x000001ab5b5ea0d0 Exception <a 'java/io/FileNotFoundException'{0x000000009111c908}> (0x000000009111c908) 
thrown [s\open\src\hotspot\share\prims\jni.cpp, line 516]
Event: 5.364 Thread 0x000001ab5b5ea0d0 Exception <a 'java/io/FileNotFoundException'{0x000000009112e5c8}> (0x000000009112e5c8) 
thrown [s\open\src\hotspot\share\prims\jni.cpp, line 516]
Event: 5.365 Thread 0x000001ab5b5ea0d0 Exception <a 'java/io/FileNotFoundException'{0x000000009113dad0}> (0x000000009113dad0) 
thrown [s\open\src\hotspot\share\prims\jni.cpp, line 516]
Event: 10.490 Thread 0x000001ab5b5ea0d0 Exception <a 'java/io/FileNotFoundException'{0x000000009114f240}> (0x000000009114f240) 
thrown [s\open\src\hotspot\share\prims\jni.cpp, line 516]

VM Operations (6 events):
Event: 0.153 Executing VM operation: HandshakeAllThreads
Event: 0.153 Executing VM operation: HandshakeAllThreads done
Event: 0.165 Executing VM operation: HandshakeAllThreads
Event: 0.165 Executing VM operation: HandshakeAllThreads done
Event: 1.174 Executing VM operation: Cleanup
Event: 1.174 Executing VM operation: Cleanup done

Events (20 events):
Event: 1.097 loading class sun/util/resources/cldr/TimeZoneNames_en
Event: 1.097 loading class sun/util/resources/cldr/TimeZoneNames_en done
Event: 1.097 loading class sun/util/resources/cldr/TimeZoneNames_en_US
Event: 1.097 loading class sun/util/resources/cldr/TimeZoneNames_en_US done
Event: 1.098 loading class java/util/LinkedHashMap$LinkedKeySet
Event: 1.098 loading class java/util/LinkedHashMap$LinkedKeySet done
Event: 1.098 loading class sun/util/resources/TimeZoneNames
Event: 1.098 loading class sun/util/resources/TimeZoneNames done
Event: 1.099 loading class sun/util/resources/TimeZoneNames_en
Event: 1.099 loading class sun/util/resources/TimeZoneNames_en done
Event: 10.491 loading class java/util/TooManyListenersException
Event: 10.491 loading class java/util/TooManyListenersException done
Event: 10.494 loading class java/lang/NumberFormatException
Event: 10.494 loading class java/lang/NumberFormatException done
Event: 10.495 loading class java/lang/IndexOutOfBoundsException
Event: 10.495 loading class java/lang/IndexOutOfBoundsException done
Event: 10.559 Thread 0x000001ab7c399af0 Thread added: 0x000001ab7c399af0
Event: 10.600 Thread 0x000001ab7c3c17c0 Thread added: 0x000001ab7c3c17c0
Event: 10.600 Thread 0x000001ab5b5ea0d0 Thread exited: 0x000001ab5b5ea0d0
Event: 10.600 Thread 0x000001ab5b5ea0d0 Thread added: 0x000001ab5b5ea0d0


Dynamic libraries:
0x00007ff7a0c60000 - 0x00007ff7a0c70000 	C:\Program Files\Java\jdk-17\bin\java.exe
0x00007ff8590d0000 - 0x00007ff8592c8000 	C:\WINDOWS\SYSTEM32\ntdll.dll
0x00007ff8288b0000 - 0x00007ff8288c9000 	C:\Program Files\Avast Software\Avast\aswhook.dll
0x00007ff857b50000 - 0x00007ff857c0f000 	C:\WINDOWS\System32\KERNEL32.DLL
0x00007ff856ae0000 - 0x00007ff856dd6000 	C:\WINDOWS\System32\KERNELBASE.dll
0x00007ff856930000 - 0x00007ff856a30000 	C:\WINDOWS\System32\ucrtbase.dll
0x00007ff84d330000 - 0x00007ff84d34b000 	C:\Program Files\Java\jdk-17\bin\VCRUNTIME140.dll
0x00007ff84d310000 - 0x00007ff84d329000 	C:\Program Files\Java\jdk-17\bin\jli.dll
0x00007ff8584e0000 - 0x00007ff85858f000 	C:\WINDOWS\System32\ADVAPI32.dll
0x00007ff858440000 - 0x00007ff8584de000 	C:\WINDOWS\System32\msvcrt.dll
0x00007ff8585f0000 - 0x00007ff85868c000 	C:\WINDOWS\System32\sechost.dll
0x00007ff857c10000 - 0x00007ff857d36000 	C:\WINDOWS\System32\RPCRT4.dll
0x00007ff8571f0000 - 0x00007ff85738d000 	C:\WINDOWS\System32\USER32.dll
0x00007ff857010000 - 0x00007ff857032000 	C:\WINDOWS\System32\win32u.dll
0x00007ff831a70000 - 0x00007ff831d0a000 	C:\WINDOWS\WinSxS\amd64_microsoft.windows.common-controls_6595b64144ccf1df_6.0.19041.1110_none_60b5254171f9507e\COMCTL32.dll
0x00007ff8588e0000 - 0x00007ff85890c000 	C:\WINDOWS\System32\GDI32.dll
0x00007ff856810000 - 0x00007ff856925000 	C:\WINDOWS\System32\gdi32full.dll
0x00007ff856de0000 - 0x00007ff856e7d000 	C:\WINDOWS\System32\msvcp_win.dll
0x00007ff84e800000 - 0x00007ff84e80a000 	C:\WINDOWS\SYSTEM32\VERSION.dll
0x00007ff858910000 - 0x00007ff858940000 	C:\WINDOWS\System32\IMM32.DLL
0x00007ff84d300000 - 0x00007ff84d30c000 	C:\Program Files\Java\jdk-17\bin\vcruntime140_1.dll
0x00007ff8487a0000 - 0x00007ff84882e000 	C:\Program Files\Java\jdk-17\bin\msvcp140.dll
0x00007ff80f540000 - 0x00007ff81011d000 	C:\Program Files\Java\jdk-17\bin\server\jvm.dll
0x00007ff857390000 - 0x00007ff857398000 	C:\WINDOWS\System32\PSAPI.DLL
0x00007ff843390000 - 0x00007ff843399000 	C:\WINDOWS\SYSTEM32\WSOCK32.dll
0x00007ff857ea0000 - 0x00007ff857f0b000 	C:\WINDOWS\System32\WS2_32.dll
0x00007ff84c730000 - 0x00007ff84c757000 	C:\WINDOWS\SYSTEM32\WINMM.dll
0x00007ff855000000 - 0x00007ff855012000 	C:\WINDOWS\SYSTEM32\kernel.appcore.dll
0x00007ff84d2f0000 - 0x00007ff84d2fa000 	C:\Program Files\Java\jdk-17\bin\jimage.dll
0x00007ff854620000 - 0x00007ff854804000 	C:\WINDOWS\SYSTEM32\DBGHELP.DLL
0x00007ff8492b0000 - 0x00007ff8492e4000 	C:\WINDOWS\SYSTEM32\dbgcore.DLL
0x00007ff857090000 - 0x00007ff857112000 	C:\WINDOWS\System32\bcryptPrimitives.dll
0x00007ff848710000 - 0x00007ff84871e000 	C:\Program Files\Java\jdk-17\bin\instrument.dll
0x00007ff848770000 - 0x00007ff848795000 	C:\Program Files\Java\jdk-17\bin\java.dll
0x00007ff81af00000 - 0x00007ff81afd7000 	C:\Program Files\Java\jdk-17\bin\jsvml.dll
0x00007ff858940000 - 0x00007ff859084000 	C:\WINDOWS\System32\SHELL32.dll
0x00007ff854850000 - 0x00007ff854fe3000 	C:\WINDOWS\SYSTEM32\windows.storage.dll
0x00007ff8580e0000 - 0x00007ff858434000 	C:\WINDOWS\System32\combase.dll
0x00007ff856250000 - 0x00007ff85627e000 	C:\WINDOWS\SYSTEM32\Wldp.dll
0x00007ff857f10000 - 0x00007ff857fbd000 	C:\WINDOWS\System32\SHCORE.dll
0x00007ff857190000 - 0x00007ff8571e5000 	C:\WINDOWS\System32\shlwapi.dll
0x00007ff856740000 - 0x00007ff856765000 	C:\WINDOWS\SYSTEM32\profapi.dll
0x00007ff848730000 - 0x00007ff848748000 	C:\Program Files\Java\jdk-17\bin\zip.dll
0x00007ff84d2d0000 - 0x00007ff84d2e9000 	C:\Program Files\Java\jdk-17\bin\net.dll
0x00007ff84ef00000 - 0x00007ff84f00a000 	C:\WINDOWS\SYSTEM32\WINHTTP.dll
0x00007ff855f70000 - 0x00007ff855fda000 	C:\WINDOWS\system32\mswsock.dll
0x00007ff848750000 - 0x00007ff848766000 	C:\Program Files\Java\jdk-17\bin\nio.dll
0x00007ff83ef70000 - 0x00007ff83ef8a000 	C:\Program Files\JetBrains\IntelliJ IDEA 2022.2.3\bin\breakgen64.dll
0x00007ff848720000 - 0x00007ff848730000 	C:\Program Files\Java\jdk-17\bin\verify.dll
0x0000000180000000 - 0x0000000180025000 	C:\Users\User\Downloads\ardulink\lib\rxtxSerial.dll

dbghelp: loaded successfully - version: 4.0.5 - missing functions: none
symbol engine: initialized successfully - sym options: 0x614 - pdb path: .;C:\Program Files\Java\jdk-17\bin;C:\WINDOWS\SYSTEM32;C:\Program Files\Avast Software\Avast;C:\WINDOWS\WinSxS\amd64_microsoft.windows.common-controls_6595b64144ccf1df_6.0.19041.1110_none_60b5254171f9507e;C:\Program Files\Java\jdk-17\bin\server;C:\Program Files\JetBrains\IntelliJ IDEA 2022.2.3\bin;C:\Users\User\Downloads\ardulink\lib

VM Arguments:
jvm_args: -Djava.library.path=C:\Users\User\Downloads\ardulink\lib -javaagent:C:\Program Files\JetBrains\IntelliJ IDEA 2022.2.3\lib\idea_rt.jar=53852:C:\Program Files\JetBrains\IntelliJ IDEA 2022.2.3\bin -Dfile.encoding=UTF-8 
java_command: SerialTest
java_class_path (initial): C:\Program Files\Java\jdk-17;C:\Users\User\Documents\_3D_Scanner\out\production\_3D_Scanner;C:\Users\User\Downloads\ardulink\lib\usb-0.5.9.jar;C:\Users\User\Downloads\ardulink\lib\jssc-2.8.0.jar;C:\Users\User\Downloads\ardulink\lib\args4j-2.32.jar;C:\Users\User\Downloads\ardulink\lib\mapdb-1.0.8.jar;C:\Users\User\Downloads\ardulink\lib\hawtbuf-1.11.jar;C:\Users\User\Downloads\ardulink\lib\log4j-1.2.16.jar;C:\Users\User\Downloads\ardulink\lib\rxtx-2.2pre2.jar;C:\Users\User\Downloads\ardulink\lib\pi4j-core-1.0.jar;C:\Users\User\Downloads\ardulink\lib\javax.mail-1.5.5.jar;C:\Users\User\Downloads\ardulink\lib\jaxb-core-2.2.11.jar;C:\Users\User\Downloads\ardulink\lib\jaxb-impl-2.2.11.jar;C:\Users\User\Downloads\ardulink\lib\mqtt-client-1.14.jar;C:\Users\User\Downloads\ardulink\lib\slf4j-api-1.7.12.jar;C:\Users\User\Downloads\ardulink\lib\camel-core-2.17.6.jar;C:\Users\User\Downloads\ardulink\lib\camel-mail-2.17.1.jar;C:\Users\User\Downloads\ardulink\lib\camel-mqtt-2.17.1.jar;C:\Users\User\Downloads\ardulink\lib\hawtdispatch-1.22.jar;C:\Users\User\Downloads\ardulink\lib\commons-codec-1.10.jar;C:\Users\User\Downloads\ardulink\lib\HdrHistogram-2.1.4.jar;C:\Users\User\Downloads\ardulink\lib\slf4j-jdk14-1.7.12.jar;C:\Users\User\Downloads\ardulink\lib\ardulink-mail-2.1.1.jar;C:\Users\User\Downloads\ardulink\lib\ardulink-mqtt-2.1.1.jar;C:\Users\User\Downloads\ardulink\lib\slf4j-log4j12-1.7.5.jar;C:\Users\User\Downloads\ardulink\lib\ardulink-camel-2.1.1.jar;C:\Users\User\Downloads\ardulink\lib\ardulink-swing-2.1.1.jar;C:\Users\User\Downloads\ardulink\lib\ardulink-legacy-2.1.1.jar;C:\Users\User\Downloads\ardulink\lib\moquette-broker-0.8.1.jar;C:\Users\User\Downloads\ardulink\lib\ardulink-console-2.1.1.jar;C:\Users\User\Downloads\ardulink\lib\bluecove-2.1.1-SNAPSHOT.jar;C:\Users\User\Downloads\ardulink\lib\validation-api-1.0.0.GA.jar;C:\Users\User\Downloads\ardulink\lib\ardulink-core-base-2.1.1.jar;C:\Users\User\Downloads\ardulink\lib\ardulink-core-mqt
Launcher Type: SUN_STANDARD

[Global flags]
     intx CICompilerCount                          = 4                                         {product} {ergonomic}
     uint ConcGCThreads                            = 3                                         {product} {ergonomic}
     uint G1ConcRefinementThreads                  = 10                                        {product} {ergonomic}
   size_t G1HeapRegionSize                         = 1048576                                   {product} {ergonomic}
    uintx GCDrainStackTargetSize                   = 64                                        {product} {ergonomic}
   size_t InitialHeapSize                          = 123731968                                 {product} {ergonomic}
   size_t MarkStackSize                            = 4194304                                   {product} {ergonomic}
   size_t MaxHeapSize                              = 1979711488                                {product} {ergonomic}
   size_t MaxNewSize                               = 1186988032                                {product} {ergonomic}
   size_t MinHeapDeltaBytes                        = 1048576                                   {product} {ergonomic}
   size_t MinHeapSize                              = 8388608                                   {product} {ergonomic}
    uintx NonNMethodCodeHeapSize                   = 5839372                                {pd product} {ergonomic}
    uintx NonProfiledCodeHeapSize                  = 122909434                              {pd product} {ergonomic}
    uintx ProfiledCodeHeapSize                     = 122909434                              {pd product} {ergonomic}
    uintx ReservedCodeCacheSize                    = 251658240                              {pd product} {ergonomic}
     bool SegmentedCodeCache                       = true                                      {product} {ergonomic}
   size_t SoftMaxHeapSize                          = 1979711488                             {manageable} {ergonomic}
     bool UseCompressedClassPointers               = true                           {product lp64_product} {ergonomic}
     bool UseCompressedOops                        = true                           {product lp64_product} {ergonomic}
     bool UseG1GC                                  = true                                      {product} {ergonomic}
     bool UseLargePagesIndividualAllocation        = false                                  {pd product} {ergonomic}

Logging:
Log output configuration:
 #0: stdout all=warning uptime,level,tags
 #1: stderr all=off uptime,level,tags

Environment Variables:
JAVA_HOME=C:\Program Files\Java\jdk-17
CLASSPATH=C:\Program Files\Java\jdk-17\bin
PATH=D:\VM\bin\;C:\Program Files\Common Files\Oracle\Java\javapath;C:\Program Files (x86)\Common Files\Oracle\Java\javapath;C:\Users\User\MiniConda3\envs\faceswap\Library\mingw64\bin;C:\Users\User\MiniConda3\envs\faceswap\Library\mingw64\bin;C:\WINDOWS\system32;C:\WINDOWS;C:\WINDOWS\System32\Wbem;C:\WINDOWS\System32\WindowsPowerShell\v1.0\;C:\WINDOWS\System32\OpenSSH\;C:\MinGW\bin;C:\Mingw64\mingw32\bin;C:\Program Files\NVIDIA Corporation\NVIDIA NvDLISR;C:\Program Files (x86)\NVIDIA Corporation\PhysX\Common;C:\Program Files\dotnet\;F:\Games2\QT\QTSystem;C:\Program Files\Git\cmd;C:\Users\User\AppData\Roaming\local\bin;C:\Program Files\WindowsApps\PythonSoftwareFoundation.Python.3.7_3.7.2544.0_x64__qbz5n2kfra8p0;C:\ghcup\bin;C:\Users\User\AppData\Local\Programs\Microsoft VS Code\bin;C:\Program Files\JetBrains\IntelliJ IDEA 2022.2.3\bin;;C:\Users\User\AppData\Local\GitHubDesktop\bin;C:\ffmpeg\bin;
USERNAME=User
OS=Windows_NT
PROCESSOR_IDENTIFIER=AMD64 Family 23 Model 96 Stepping 1, AuthenticAMD



---------------  S Y S T E M  ---------------

OS:
 Windows 10 , 64 bit Build 19041 (10.0.19041.3155)
OS uptime: 0 days 19:44 hours
Hyper-V role detected

CPU: total 12 (initial active 12) (12 cores per cpu, 2 threads per core) family 23 model 96 stepping 1 microcode 0x0, cx8, cmov, fxsr, ht, mmx, 3dnowpref, sse, sse2, sse3, ssse3, sse4a, sse4.1, sse4.2, popcnt, lzcnt, tsc, tscinvbit, avx, avx2, aes, clmul, bmi1, bmi2, adx, sha, fma, vzeroupper, clflush, clflushopt, hv

Memory: 4k page, system-wide physical 7549M (555M free)
TotalPageFile size 23421M (AvailPageFile size 9050M)
current process WorkingSet (physical memory assigned to process): 40M, peak: 41M
current process commit charge ("private bytes"): 208M, peak: 209M

vm_info: Java HotSpot(TM) 64-Bit Server VM (17.0.7+8-LTS-224) for windows-amd64 JRE (17.0.7+8-LTS-224), built on Feb 28 2023 23:03:02 by "mach5one" with MS VC++ 17.1 (VS2022)

END.
